#
# There is insufficient memory for the Java Runtime Environment to continue.
# Native memory allocation (mmap) failed to map 60293120 bytes for committing reserved memory.
# Possible reasons:
#   The system is out of physical RAM or swap space
#   The process is running with CompressedOops enabled, and the Java Heap may be blocking the growth of the native heap
# Possible solutions:
#   Reduce memory load on the system
#   Increase physical memory or swap space
#   Check if swap backing store is full
#   Decrease Java heap size (-Xmx/-Xms)
#   Decrease number of Java threads
#   Decrease Java thread stack sizes (-Xss)
#   Set larger code cache with -XX:ReservedCodeCacheSize=
#   JVM is running with Unscaled Compressed Oops mode in which the Java heap is
#     placed in the first 4GB address space. The Java Heap base address is the
#     maximum limit for the native heap growth. Please use -XX:HeapBaseMinAddress
#     to set the Java Heap base and to place the Java Heap above 4GB virtual address.
# This output file may be truncated or incomplete.
#
#  Out of Memory Error (os_linux.cpp:2792), pid=7432, tid=0x00007f120c3a3700
#
# JRE version: OpenJDK Runtime Environment (8.0_265-b01) (build 1.8.0_265-8u265-b01-0ubuntu2~18.04-b01)
# Java VM: OpenJDK 64-Bit Server VM (25.265-b01 mixed mode linux-amd64 compressed oops)
# Failed to write core dump. Core dumps have been disabled. To enable core dumping, try "ulimit -c unlimited" before starting Java again
#

---------------  T H R E A D  ---------------

Current thread (0x00007f12080fc000):  VMThread [stack: 0x00007f120c2a4000,0x00007f120c3a4000] [id=7437]

Stack: [0x00007f120c2a4000,0x00007f120c3a4000],  sp=0x00007f120c3a2380,  free space=1016k
Native frames: (J=compiled Java code, j=interpreted, Vv=VM code, C=native code)
V  [libjvm.so+0xabaae2]
V  [libjvm.so+0x4de3f7]
V  [libjvm.so+0x8f0560]
V  [libjvm.so+0x8e74be]
V  [libjvm.so+0x96eb16]
V  [libjvm.so+0x96fe88]
V  [libjvm.so+0x96c1d6]
V  [libjvm.so+0x96c56c]
V  [libjvm.so+0x91ae28]
V  [libjvm.so+0xabc812]
V  [libjvm.so+0xac11b6]
V  [libjvm.so+0xabf14e]
V  [libjvm.so+0xabfd5b]
V  [libjvm.so+0xac0198]
V  [libjvm.so+0x8ed782]

VM_Operation (0x00007f1211953ac0): ParallelGCFailedAllocation, mode: safepoint, requested by thread 0x00007f120800b000


---------------  P R O C E S S  ---------------

Java Threads: ( => current thread )
  0x00007f1208144800 JavaThread "Service Thread" daemon [_thread_blocked, id=7443, stack(0x00007f11f6a0e000,0x00007f11f6b0f000)]
  0x00007f1208142000 JavaThread "C1 CompilerThread1" daemon [_thread_blocked, id=7442, stack(0x00007f11f6b10000,0x00007f11f6c10000)]
  0x00007f120813f000 JavaThread "C2 CompilerThread0" daemon [_thread_blocked, id=7441, stack(0x00007f11f6c11000,0x00007f11f6d11000)]
  0x00007f120813b000 JavaThread "Signal Dispatcher" daemon [_thread_blocked, id=7440, stack(0x00007f11f6d11000,0x00007f11f6e12000)]
  0x00007f120810a000 JavaThread "Finalizer" daemon [_thread_blocked, id=7439, stack(0x00007f120c0a1000,0x00007f120c1a2000)]
  0x00007f1208105800 JavaThread "Reference Handler" daemon [_thread_blocked, id=7438, stack(0x00007f120c1a2000,0x00007f120c2a3000)]
  0x00007f120800b000 JavaThread "main" [_thread_blocked, id=7434, stack(0x00007f1211858000,0x00007f1211958000)]

Other Threads:
=>0x00007f12080fc000 VMThread [stack: 0x00007f120c2a4000,0x00007f120c3a4000] [id=7437]
  0x00007f1208147000 WatcherThread [stack: 0x00007f11f690e000,0x00007f11f6a0e000] [id=7444]

VM state:at safepoint (normal execution)

VM Mutex/Monitor currently owned by a thread:  ([mutex/lock_event])
[0x00007f1208007b40] Threads_lock - owner thread: 0x00007f12080fc000
[0x00007f1208008040] Heap_lock - owner thread: 0x00007f120800b000

heap address: 0x00000000c2400000, size: 988 MB, Compressed Oops mode: 32-bit
Narrow klass base: 0x0000000000000000, Narrow klass shift: 3
Compressed class space size: 1073741824 Address: 0x0000000100000000

Heap:
 PSYoungGen      total 215040K, used 4608K [0x00000000eb700000, 0x00000000f9c80000, 0x0000000100000000)
  eden space 210432K, 0% used [0x00000000eb700000,0x00000000eb700000,0x00000000f8480000)
  from space 4608K, 100% used [0x00000000f9800000,0x00000000f9c80000,0x00000000f9c80000)
  to   space 10240K, 0% used [0x00000000f8e00000,0x00000000f8e00000,0x00000000f9800000)
 ParOldGen       total 42496K, used 42464K [0x00000000c2400000, 0x00000000c4d80000, 0x00000000eb700000)
  object space 42496K, 99% used [0x00000000c2400000,0x00000000c4d78108,0x00000000c4d80000)
 Metaspace       used 34742K, capacity 35190K, committed 35496K, reserved 1081344K
  class space    used 3859K, capacity 4032K, committed 4096K, reserved 1048576K

Card table byte_map: [0x00007f120dc07000,0x00007f120ddf6000] byte_map_base: 0x00007f120d5f5000

Marking Bits: (ParMarkBitMap*) 0x00007f1210afe520
 Begin Bits: [0x00007f11f7120000, 0x00007f11f8090000)
 End Bits:   [0x00007f11f8090000, 0x00007f11f9000000)

Polling page: 0x00007f121197f000

CodeCache: size=245760Kb used=12962Kb max_used=13734Kb free=232797Kb
 bounds [0x00007f11f9000000, 0x00007f11f9dc0000, 0x00007f1208000000]
 total_blobs=3858 nmethods=3464 adapters=308
 compilation: enabled

Compilation events (10 events):
Event: 212.581 Thread 0x00007f120813f000 4221       4       javassist.bytecode.CodeIterator::makeJumpList (440 bytes)
Event: 212.589 Thread 0x00007f120813f000 nmethod 4221 0x00007f11f99cdcd0 code [0x00007f11f99cde80, 0x00007f11f99ce6d8]
Event: 212.589 Thread 0x00007f120813f000 4220       4       java.util.ComparableTimSort::gallopLeft (327 bytes)
Event: 212.594 Thread 0x00007f120813f000 nmethod 4220 0x00007f11f9853b90 code [0x00007f11f9853d20, 0x00007f11f9854278]
Event: 212.862 Thread 0x00007f1208142000 4228       3       org.mockito.asm.ByteVector::putByte (39 bytes)
Event: 212.863 Thread 0x00007f1208142000 nmethod 4228 0x00007f11f9853690 code [0x00007f11f9853800, 0x00007f11f9853a28]
Event: 217.753 Thread 0x00007f120813f000 4229       4       java.io.FilterInputStream::read (11 bytes)
Event: 218.090 Thread 0x00007f120813f000 nmethod 4229 0x00007f11f92cf250 code [0x00007f11f92cf3a0, 0x00007f11f92cf418]
Event: 223.028 Thread 0x00007f1208142000 4230       1       javassist.bytecode.LongInfo::getTag (2 bytes)
Event: 223.417 Thread 0x00007f1208142000 nmethod 4230 0x00007f11f97f0cd0 code [0x00007f11f97f0e20, 0x00007f11f97f0f30]

GC Heap History (10 events):
Event: 32.031 GC heap after
Heap after GC invocations=16 (full 1):
 PSYoungGen      total 138752K, used 3774K [0x00000000eb700000, 0x00000000f7700000, 0x0000000100000000)
  eden space 131072K, 0% used [0x00000000eb700000,0x00000000eb700000,0x00000000f3700000)
  from space 7680K, 49% used [0x00000000f3700000,0x00000000f3aaf810,0x00000000f3e80000)
  to   space 7168K, 0% used [0x00000000f7000000,0x00000000f7000000,0x00000000f7700000)
 ParOldGen       total 37888K, used 12808K [0x00000000c2400000, 0x00000000c4900000, 0x00000000eb700000)
  object space 37888K, 33% used [0x00000000c2400000,0x00000000c30822e8,0x00000000c4900000)
 Metaspace       used 25079K, capacity 25322K, committed 25472K, reserved 1071104K
  class space    used 2841K, capacity 2909K, committed 2944K, reserved 1048576K
}
Event: 41.402 GC heap before
{Heap before GC invocations=17 (full 1):
 PSYoungGen      total 138752K, used 134846K [0x00000000eb700000, 0x00000000f7700000, 0x0000000100000000)
  eden space 131072K, 100% used [0x00000000eb700000,0x00000000f3700000,0x00000000f3700000)
  from space 7680K, 49% used [0x00000000f3700000,0x00000000f3aaf810,0x00000000f3e80000)
  to   space 7168K, 0% used [0x00000000f7000000,0x00000000f7000000,0x00000000f7700000)
 ParOldGen       total 37888K, used 12808K [0x00000000c2400000, 0x00000000c4900000, 0x00000000eb700000)
  object space 37888K, 33% used [0x00000000c2400000,0x00000000c30822e8,0x00000000c4900000)
 Metaspace       used 26551K, capacity 26954K, committed 27264K, reserved 1073152K
  class space    used 3010K, capacity 3149K, committed 3200K, reserved 1048576K
Event: 41.432 GC heap after
Heap after GC invocations=17 (full 1):
 PSYoungGen      total 186368K, used 7142K [0x00000000eb700000, 0x00000000f7800000, 0x0000000100000000)
  eden space 179200K, 0% used [0x00000000eb700000,0x00000000eb700000,0x00000000f6600000)
  from space 7168K, 99% used [0x00000000f7000000,0x00000000f76f9b50,0x00000000f7700000)
  to   space 9216K, 0% used [0x00000000f6600000,0x00000000f6600000,0x00000000f6f00000)
 ParOldGen       total 37888K, used 15718K [0x00000000c2400000, 0x00000000c4900000, 0x00000000eb700000)
  object space 37888K, 41% used [0x00000000c2400000,0x00000000c3359a78,0x00000000c4900000)
 Metaspace       used 26551K, capacity 26954K, committed 27264K, reserved 1073152K
  class space    used 3010K, capacity 3149K, committed 3200K, reserved 1048576K
}
Event: 106.157 GC heap before
{Heap before GC invocations=18 (full 1):
 PSYoungGen      total 186368K, used 186342K [0x00000000eb700000, 0x00000000f7800000, 0x0000000100000000)
  eden space 179200K, 100% used [0x00000000eb700000,0x00000000f6600000,0x00000000f6600000)
  from space 7168K, 99% used [0x00000000f7000000,0x00000000f76f9b50,0x00000000f7700000)
  to   space 9216K, 0% used [0x00000000f6600000,0x00000000f6600000,0x00000000f6f00000)
 ParOldGen       total 37888K, used 15718K [0x00000000c2400000, 0x00000000c4900000, 0x00000000eb700000)
  object space 37888K, 41% used [0x00000000c2400000,0x00000000c3359a78,0x00000000c4900000)
 Metaspace       used 29264K, capacity 29678K, committed 30080K, reserved 1075200K
  class space    used 3280K, capacity 3411K, committed 3456K, reserved 1048576K
Event: 106.598 GC heap after
Heap after GC invocations=18 (full 1):
 PSYoungGen      total 188416K, used 6022K [0x00000000eb700000, 0x00000000fa200000, 0x0000000100000000)
  eden space 179200K, 0% used [0x00000000eb700000,0x00000000eb700000,0x00000000f6600000)
  from space 9216K, 65% used [0x00000000f6600000,0x00000000f6be1a78,0x00000000f6f00000)
  to   space 9728K, 0% used [0x00000000f9880000,0x00000000f9880000,0x00000000fa200000)
 ParOldGen       total 37888K, used 19446K [0x00000000c2400000, 0x00000000c4900000, 0x00000000eb700000)
  object space 37888K, 51% used [0x00000000c2400000,0x00000000c36fdac8,0x00000000c4900000)
 Metaspace       used 29264K, capacity 29678K, committed 30080K, reserved 1075200K
  class space    used 3280K, capacity 3411K, committed 3456K, reserved 1048576K
}
Event: 134.916 GC heap before
{Heap before GC invocations=19 (full 1):
 PSYoungGen      total 188416K, used 185222K [0x00000000eb700000, 0x00000000fa200000, 0x0000000100000000)
  eden space 179200K, 100% used [0x00000000eb700000,0x00000000f6600000,0x00000000f6600000)
  from space 9216K, 65% used [0x00000000f6600000,0x00000000f6be1a78,0x00000000f6f00000)
  to   space 9728K, 0% used [0x00000000f9880000,0x00000000f9880000,0x00000000fa200000)
 ParOldGen       total 37888K, used 19446K [0x00000000c2400000, 0x00000000c4900000, 0x00000000eb700000)
  object space 37888K, 51% used [0x00000000c2400000,0x00000000c36fdac8,0x00000000c4900000)
 Metaspace       used 31652K, capacity 32054K, committed 32512K, reserved 1077248K
  class space    used 3612K, capacity 3749K, committed 3840K, reserved 1048576K
Event: 135.124 GC heap after
Heap after GC invocations=19 (full 1):
 PSYoungGen      total 229888K, used 9248K [0x00000000eb700000, 0x00000000fa400000, 0x0000000100000000)
  eden space 220160K, 0% used [0x00000000eb700000,0x00000000eb700000,0x00000000f8e00000)
  from space 9728K, 95% used [0x00000000f9880000,0x00000000fa1881b0,0x00000000fa200000)
  to   space 10752K, 0% used [0x00000000f8e00000,0x00000000f8e00000,0x00000000f9880000)
 ParOldGen       total 37888K, used 24046K [0x00000000c2400000, 0x00000000c4900000, 0x00000000eb700000)
  object space 37888K, 63% used [0x00000000c2400000,0x00000000c3b7bae8,0x00000000c4900000)
 Metaspace       used 31652K, capacity 32054K, committed 32512K, reserved 1077248K
  class space    used 3612K, capacity 3749K, committed 3840K, reserved 1048576K
}
Event: 198.488 GC heap before
{Heap before GC invocations=20 (full 1):
 PSYoungGen      total 229888K, used 229408K [0x00000000eb700000, 0x00000000fa400000, 0x0000000100000000)
  eden space 220160K, 100% used [0x00000000eb700000,0x00000000f8e00000,0x00000000f8e00000)
  from space 9728K, 95% used [0x00000000f9880000,0x00000000fa1881b0,0x00000000fa200000)
  to   space 10752K, 0% used [0x00000000f8e00000,0x00000000f8e00000,0x00000000f9880000)
 ParOldGen       total 37888K, used 24046K [0x00000000c2400000, 0x00000000c4900000, 0x00000000eb700000)
  object space 37888K, 63% used [0x00000000c2400000,0x00000000c3b7bae8,0x00000000c4900000)
 Metaspace       used 32763K, capacity 33154K, committed 33536K, reserved 1079296K
  class space    used 3680K, capacity 3821K, committed 3840K, reserved 1048576K
Event: 198.565 GC heap after
Heap after GC invocations=20 (full 1):
 PSYoungGen      total 220672K, used 10173K [0x00000000eb700000, 0x00000000f9c80000, 0x0000000100000000)
  eden space 210432K, 0% used [0x00000000eb700000,0x00000000eb700000,0x00000000f8480000)
  from space 10240K, 99% used [0x00000000f8e00000,0x00000000f97ef780,0x00000000f9800000)
  to   space 4608K, 0% used [0x00000000f9800000,0x00000000f9800000,0x00000000f9c80000)
 ParOldGen       total 37888K, used 27079K [0x00000000c2400000, 0x00000000c4900000, 0x00000000eb700000)
  object space 37888K, 71% used [0x00000000c2400000,0x00000000c3e71f18,0x00000000c4900000)
 Metaspace       used 32763K, capacity 33154K, committed 33536K, reserved 1079296K
  class space    used 3680K, capacity 3821K, committed 3840K, reserved 1048576K
}
Event: 226.058 GC heap before
{Heap before GC invocations=21 (full 1):
 PSYoungGen      total 220672K, used 220605K [0x00000000eb700000, 0x00000000f9c80000, 0x0000000100000000)
  eden space 210432K, 100% used [0x00000000eb700000,0x00000000f8480000,0x00000000f8480000)
  from space 10240K, 99% used [0x00000000f8e00000,0x00000000f97ef780,0x00000000f9800000)
  to   space 4608K, 0% used [0x00000000f9800000,0x00000000f9800000,0x00000000f9c80000)
 ParOldGen       total 37888K, used 27079K [0x00000000c2400000, 0x00000000c4900000, 0x00000000eb700000)
  object space 37888K, 71% used [0x00000000c2400000,0x00000000c3e71f18,0x00000000c4900000)
 Metaspace       used 34742K, capacity 35190K, committed 35496K, reserved 1081344K
  class space    used 3859K, capacity 4032K, committed 4096K, reserved 1048576K

Deoptimization events (10 events):
Event: 206.800 Thread 0x00007f120800b000 Uncommon trap: reason=predicate action=maybe_recompile pc=0x00007f11f929dab0 method=java.util.ComparableTimSort.mergeLo(IIII)V @ 147
Event: 207.373 Thread 0x00007f120800b000 Uncommon trap: reason=array_check action=maybe_recompile pc=0x00007f11f97cf018 method=java.util.ComparableTimSort.mergeLo(IIII)V @ 207
Event: 207.373 Thread 0x00007f120800b000 Uncommon trap: reason=array_check action=maybe_recompile pc=0x00007f11f97cf018 method=java.util.ComparableTimSort.mergeLo(IIII)V @ 207
Event: 211.029 Thread 0x00007f120800b000 Uncommon trap: reason=bimorphic action=maybe_recompile pc=0x00007f11f94c9120 method=javassist.bytecode.stackmap.Tracer.setFieldTarget(ZI)V @ 34
Event: 211.737 Thread 0x00007f120800b000 Uncommon trap: reason=class_check action=maybe_recompile pc=0x00007f11f94e8ac4 method=javassist.bytecode.stackmap.TypeData$TypeVar.fixByUppers(Ljava/util/ArrayList;Ljavassist/ClassPool;Ljava/util/HashSet;Ljavassist/CtClass;)Ljavassist/CtClass; @ 97
Event: 211.762 Thread 0x00007f120800b000 Uncommon trap: reason=array_check action=maybe_recompile pc=0x00007f11f912cb78 method=java.util.ComparableTimSort.mergeLo(IIII)V @ 371
Event: 211.762 Thread 0x00007f120800b000 Uncommon trap: reason=array_check action=maybe_recompile pc=0x00007f11f912cac4 method=java.util.ComparableTimSort.mergeLo(IIII)V @ 240
Event: 211.762 Thread 0x00007f120800b000 Uncommon trap: reason=array_check action=maybe_recompile pc=0x00007f11f912cb78 method=java.util.ComparableTimSort.mergeLo(IIII)V @ 371
Event: 215.617 Thread 0x00007f120800b000 Uncommon trap: reason=array_check action=maybe_recompile pc=0x00007f11f9855ae4 method=java.util.ComparableTimSort.mergeLo(IIII)V @ 465
Event: 222.809 Thread 0x00007f120800b000 Uncommon trap: reason=array_check action=maybe_recompile pc=0x00007f11f9855ae4 method=java.util.ComparableTimSort.mergeLo(IIII)V @ 465

Classes redefined (0 events):
No events

Internal exceptions (10 events):
Event: 11.752 Thread 0x00007f120800b000 Exception <a 'sun/nio/fs/UnixException'> (0x00000000ebc02950) thrown at [/build/openjdk-8-nxKaDu/openjdk-8-8u265-b01/src/hotspot/src/share/vm/prims/jni.cpp, line 711]
Event: 11.835 Thread 0x00007f120800b000 Implicit null exception at 0x00007f11f95962d1 to 0x00007f11f9596a4d
Event: 11.872 Thread 0x00007f120800b000 Exception <a 'java/lang/reflect/InvocationTargetException'> (0x00000000ebc98f80) thrown at [/build/openjdk-8-nxKaDu/openjdk-8-8u265-b01/src/hotspot/src/share/vm/runtime/reflection.cpp, line 1092]
Event: 12.004 Thread 0x00007f120800b000 Exception <a 'java/lang/ArrayIndexOutOfBoundsException': 18> (0x00000000ec3ee1a0) thrown at [/build/openjdk-8-nxKaDu/openjdk-8-8u265-b01/src/hotspot/src/share/vm/interpreter/interpreterRuntime.cpp, line 368]
Event: 12.991 Thread 0x00007f120800b000 Exception <a 'java/lang/reflect/InvocationTargetException'> (0x00000000ec8345b8) thrown at [/build/openjdk-8-nxKaDu/openjdk-8-8u265-b01/src/hotspot/src/share/vm/runtime/reflection.cpp, line 1092]
Event: 12.992 Thread 0x00007f120800b000 Exception <a 'java/lang/reflect/InvocationTargetException'> (0x00000000ec84e2a8) thrown at [/build/openjdk-8-nxKaDu/openjdk-8-8u265-b01/src/hotspot/src/share/vm/runtime/reflection.cpp, line 1092]
Event: 13.616 Thread 0x00007f120800b000 Exception <a 'java/net/UnknownHostException'> (0x00000000ec9726c8) thrown at [/build/openjdk-8-nxKaDu/openjdk-8-8u265-b01/src/hotspot/src/share/vm/prims/jni.cpp, line 711]
Event: 16.231 Thread 0x00007f120800b000 Exception <a 'java/lang/NoSuchFieldError': method resolution failed> (0x00000000ebac6fb8) thrown at [/build/openjdk-8-nxKaDu/openjdk-8-8u265-b01/src/hotspot/src/share/vm/prims/methodHandles.cpp, line 1169]
Event: 16.232 Thread 0x00007f120800b000 Exception <a 'java/lang/NoSuchFieldError': method resolution failed> (0x00000000ebad4678) thrown at [/build/openjdk-8-nxKaDu/openjdk-8-8u265-b01/src/hotspot/src/share/vm/prims/methodHandles.cpp, line 1169]
Event: 29.332 Thread 0x00007f120800b000 Implicit null exception at 0x00007f11f95464b8 to 0x00007f11f9546891

Events (10 events):
Event: 212.278 Thread 0x00007f120800b000 DEOPT UNPACKING pc=0x00007f11f90474c4 sp=0x00007f12119534b0 mode 0
Event: 212.284 Thread 0x00007f120800b000 DEOPT PACKING pc=0x00007f11f919af11 sp=0x00007f1211953680
Event: 212.284 Thread 0x00007f120800b000 DEOPT UNPACKING pc=0x00007f11f90474c4 sp=0x00007f12119534b0 mode 0
Event: 215.578 Thread 0x00007f120800b000 Uncommon trap: trap_request=0xffffffd6 fr.pc=0x00007f11f9855ae4
Event: 215.640 Thread 0x00007f120800b000 DEOPT PACKING pc=0x00007f11f9855ae4 sp=0x00007f12119549d0
Event: 215.702 Thread 0x00007f120800b000 DEOPT UNPACKING pc=0x00007f11f904547a sp=0x00007f12119549a0 mode 2
Event: 222.772 Thread 0x00007f120800b000 Uncommon trap: trap_request=0xffffffd6 fr.pc=0x00007f11f9855ae4
Event: 222.834 Thread 0x00007f120800b000 DEOPT PACKING pc=0x00007f11f9855ae4 sp=0x00007f12119549d0
Event: 222.841 Thread 0x00007f120800b000 DEOPT UNPACKING pc=0x00007f11f904547a sp=0x00007f12119549a0 mode 2
Event: 226.040 Executing VM operation: ParallelGCFailedAllocation


Dynamic libraries:
c2400000-c4d80000 rw-p 00000000 00:00 0 
c4d80000-eb700000 ---p 00000000 00:00 0 
eb700000-f9c80000 rw-p 00000000 00:00 0 
fd600000-100000000 ---p 00000000 00:00 0 
100000000-100400000 rw-p 00000000 00:00 0 
100400000-140000000 ---p 00000000 00:00 0 
5652d4894000-5652d4895000 r-xp 00000000 fc:01 1816964                    /usr/lib/jvm/java-8-openjdk-amd64/jre/bin/java
5652d4a94000-5652d4a95000 r--p 00000000 fc:01 1816964                    /usr/lib/jvm/java-8-openjdk-amd64/jre/bin/java
5652d4a95000-5652d4a96000 rw-p 00001000 fc:01 1816964                    /usr/lib/jvm/java-8-openjdk-amd64/jre/bin/java
5652d6a77000-5652d6a98000 rw-p 00000000 00:00 0                          [heap]
7f11c0000000-7f11c0021000 rw-p 00000000 00:00 0 
7f11c0021000-7f11c4000000 ---p 00000000 00:00 0 
7f11c7e00000-7f11c7eaa000 rw-p 00000000 00:00 0 
7f11c7eaa000-7f11c8000000 ---p 00000000 00:00 0 
7f11c8000000-7f11c8021000 rw-p 00000000 00:00 0 
7f11c8021000-7f11cc000000 ---p 00000000 00:00 0 
7f11cc000000-7f11cc021000 rw-p 00000000 00:00 0 
7f11cc021000-7f11d0000000 ---p 00000000 00:00 0 
7f11d0000000-7f11d06e7000 rw-p 00000000 00:00 0 
7f11d06e7000-7f11d4000000 ---p 00000000 00:00 0 
7f11d4000000-7f11d4021000 rw-p 00000000 00:00 0 
7f11d4021000-7f11d8000000 ---p 00000000 00:00 0 
7f11d8000000-7f11d8021000 rw-p 00000000 00:00 0 
7f11d8021000-7f11dc000000 ---p 00000000 00:00 0 
7f11dc000000-7f11dda22000 rw-p 00000000 00:00 0 
7f11dda22000-7f11e0000000 ---p 00000000 00:00 0 
7f11e0000000-7f11e0021000 rw-p 00000000 00:00 0 
7f11e0021000-7f11e4000000 ---p 00000000 00:00 0 
7f11e4000000-7f11e4021000 rw-p 00000000 00:00 0 
7f11e4021000-7f11e8000000 ---p 00000000 00:00 0 
7f11e8000000-7f11e8021000 rw-p 00000000 00:00 0 
7f11e8021000-7f11ec000000 ---p 00000000 00:00 0 
7f11ec000000-7f11ec072000 rw-p 00000000 00:00 0 
7f11ec072000-7f11f0000000 ---p 00000000 00:00 0 
7f11f0000000-7f11f0028000 rw-p 00000000 00:00 0 
7f11f0028000-7f11f4000000 ---p 00000000 00:00 0 
7f11f418c000-7f11f438c000 rw-p 00000000 00:00 0 
7f11f438c000-7f11f458c000 rw-p 00000000 00:00 0 
7f11f458c000-7f11f478c000 rw-p 00000000 00:00 0 
7f11f478c000-7f11f498c000 rw-p 00000000 00:00 0 
7f11f498c000-7f11f4b8c000 rw-p 00000000 00:00 0 
7f11f4b8c000-7f11f4d8c000 rw-p 00000000 00:00 0 
7f11f4d8c000-7f11f4f8c000 rw-p 00000000 00:00 0 
7f11f4f8c000-7f11f518c000 rw-p 00000000 00:00 0 
7f11f518c000-7f11f519b000 r-xp 00000000 fc:01 25923                      /lib/x86_64-linux-gnu/libnss_myhostname.so.2
7f11f519b000-7f11f539a000 ---p 0000f000 fc:01 25923                      /lib/x86_64-linux-gnu/libnss_myhostname.so.2
7f11f539a000-7f11f539d000 r--p 0000e000 fc:01 25923                      /lib/x86_64-linux-gnu/libnss_myhostname.so.2
7f11f539d000-7f11f539e000 rw-p 00011000 fc:01 25923                      /lib/x86_64-linux-gnu/libnss_myhostname.so.2
7f11f539e000-7f11f53b5000 r-xp 00000000 fc:01 47546                      /lib/x86_64-linux-gnu/libresolv-2.27.so
7f11f53b5000-7f11f55b5000 ---p 00017000 fc:01 47546                      /lib/x86_64-linux-gnu/libresolv-2.27.so
7f11f55b5000-7f11f55b6000 r--p 00017000 fc:01 47546                      /lib/x86_64-linux-gnu/libresolv-2.27.so
7f11f55b6000-7f11f55b7000 rw-p 00018000 fc:01 47546                      /lib/x86_64-linux-gnu/libresolv-2.27.so
7f11f55b7000-7f11f55b9000 rw-p 00000000 00:00 0 
7f11f55b9000-7f11f55be000 r-xp 00000000 fc:01 47529                      /lib/x86_64-linux-gnu/libnss_dns-2.27.so
7f11f55be000-7f11f57be000 ---p 00005000 fc:01 47529                      /lib/x86_64-linux-gnu/libnss_dns-2.27.so
7f11f57be000-7f11f57bf000 r--p 00005000 fc:01 47529                      /lib/x86_64-linux-gnu/libnss_dns-2.27.so
7f11f57bf000-7f11f57c0000 rw-p 00006000 fc:01 47529                      /lib/x86_64-linux-gnu/libnss_dns-2.27.so
7f11f57c0000-7f11f57c2000 r-xp 00000000 fc:01 69785                      /lib/x86_64-linux-gnu/libnss_mdns4_minimal.so.2
7f11f57c2000-7f11f59c1000 ---p 00002000 fc:01 69785                      /lib/x86_64-linux-gnu/libnss_mdns4_minimal.so.2
7f11f59c1000-7f11f59c2000 r--p 00001000 fc:01 69785                      /lib/x86_64-linux-gnu/libnss_mdns4_minimal.so.2
7f11f59c2000-7f11f59c3000 rw-p 00002000 fc:01 69785                      /lib/x86_64-linux-gnu/libnss_mdns4_minimal.so.2
7f11f59c3000-7f11f5bc3000 rw-p 00000000 00:00 0 
7f11f5c0b000-7f11f5c1e000 r--s 00346000 fc:01 1822944                    /usr/lib/jvm/java-8-openjdk-amd64/jre/lib/resources.jar
7f11f5c1e000-7f11f5c21000 ---p 00000000 00:00 0 
7f11f5c21000-7f11f5d1f000 rw-p 00000000 00:00 0 
7f11f5d1f000-7f11f5d22000 ---p 00000000 00:00 0 
7f11f5d22000-7f11f6020000 rw-p 00000000 00:00 0 
7f11f6020000-7f11f6220000 rw-p 00000000 00:00 0 
7f11f6220000-7f11f6222000 r--s 00016000 fc:01 1822938                    /usr/lib/jvm/java-8-openjdk-amd64/jre/lib/jce.jar
7f11f6222000-7f11f6227000 r--s 000a7000 fc:01 1822940                    /usr/lib/jvm/java-8-openjdk-amd64/jre/lib/jsse.jar
7f11f6227000-7f11f6229000 r--s 0000e000 fc:01 4148557                    /home/arap223/.m2/repository/org/apache/maven/surefire/surefire-junit4/2.16/surefire-junit4-2.16.jar
7f11f6229000-7f11f622a000 r--s 00000000 fc:01 4147356                    /home/arap223/.m2/repository/org/jenkins-ci/test-annotations/1.1/test-annotations-1.1.jar
7f11f622a000-7f11f622b000 r--s 00000000 fc:01 4147354                    /home/arap223/.m2/repository/org/codehaus/mojo/animal-sniffer-annotations/1.9/animal-sniffer-annotations-1.9.jar
7f11f622b000-7f11f622d000 r--s 00010000 fc:01 4149673                    /home/arap223/.m2/repository/com/jcraft/jzlib/1.1.3-kohsuke-1/jzlib-1.1.3-kohsuke-1.jar
7f11f622d000-7f11f6230000 r--s 00006000 fc:01 4149672                    /home/arap223/.m2/repository/com/google/code/findbugs/jsr305/1.3.9/jsr305-1.3.9.jar
7f11f6230000-7f11f6250000 r--s 00173000 fc:01 4149670                    /home/arap223/.m2/repository/com/google/guava/guava/11.0.1/guava-11.0.1.jar
7f11f6250000-7f11f6251000 r--s 00004000 fc:01 4149668                    /home/arap223/.m2/repository/org/mindrot/jbcrypt/0.3m/jbcrypt-0.3m.jar
7f11f6251000-7f11f6253000 r--s 0000f000 fc:01 3888115                    /home/arap223/.m2/repository/commons-fileupload/commons-fileupload/1.3.1-jenkins-1/commons-fileupload-1.3.1-jenkins-1.jar
7f11f6253000-7f11f6255000 r--s 00005000 fc:01 4149664                    /home/arap223/.m2/repository/findbugs/annotations/1.0.0/annotations-1.0.0.jar
7f11f6255000-7f11f6256000 r--s 00001000 fc:01 4149662                    /home/arap223/.m2/repository/org/kohsuke/access-modifier-annotation/1.4/access-modifier-annotation-1.4.jar
7f11f6256000-7f11f625d000 r--s 0003a000 fc:01 4149656                    /home/arap223/.m2/repository/commons-codec/commons-codec/1.8/commons-codec-1.8.jar
7f11f625d000-7f11f625f000 r--s 00000000 fc:01 4149654                    /home/arap223/.m2/repository/org/jvnet/robust-http-client/robust-http-client/1.2/robust-http-client-1.2.jar
7f11f625f000-7f11f6260000 r--s 00001000 fc:01 3888113                    /home/arap223/.m2/repository/org/kohsuke/metainf-services/metainf-services/1.4/metainf-services-1.4.jar
7f11f6260000-7f11f6267000 r--s 0005b000 fc:01 4149657                    /home/arap223/.m2/repository/org/samba/jcifs/jcifs/1.3.17-kohsuke-1/jcifs-1.3.17-kohsuke-1.jar
7f11f6267000-7f11f626a000 r--s 0001a000 fc:01 4149649                    /home/arap223/.m2/repository/org/kohsuke/jinterop/j-interopdeps/2.0.6-kohsuke-1/j-interopdeps-2.0.6-kohsuke-1.jar
7f11f626a000-7f11f6270000 r--s 00059000 fc:01 4149655                    /home/arap223/.m2/repository/org/kohsuke/jinterop/j-interop/2.0.6-kohsuke-1/j-interop-2.0.6-kohsuke-1.jar
7f11f6270000-7f11f6272000 r--s 00006000 fc:01 3880775                    /home/arap223/.m2/repository/net/java/sezpoz/sezpoz/1.9/sezpoz-1.9.jar
7f11f6272000-7f11f6273000 r--s 00001000 fc:01 4149653                    /home/arap223/.m2/repository/com/sun/solaris/embedded_su4j/1.1/embedded_su4j-1.1.jar
7f11f6273000-7f11f6276000 r--s 0000d000 fc:01 4149650                    /home/arap223/.m2/repository/org/jvnet/libzfs/libzfs/0.5/libzfs-0.5.jar
7f11f6276000-7f11f6277000 r--s 00004000 fc:01 4149647                    /home/arap223/.m2/repository/org/kohsuke/libpam4j/1.8/libpam4j-1.8.jar
7f11f6277000-7f11f6278000 r--s 00004000 fc:01 4149645                    /home/arap223/.m2/repository/org/kohsuke/akuma/1.9/akuma-1.9.jar
7f11f6278000-7f11f627c000 r--s 000dc000 fc:01 4149644                    /home/arap223/.m2/repository/net/java/dev/jna/jna/4.1.0/jna-4.1.0.jar
7f11f627c000-7f11f6282000 r--s 0005a000 fc:01 4149643                    /home/arap223/.m2/repository/org/jenkins-ci/jmdns/3.4.0-jenkins-3/jmdns-3.4.0-jenkins-3.jar
7f11f6282000-7f11f6284000 r--s 00005000 fc:01 4149639                    /home/arap223/.m2/repository/stax/stax-api/1.0.1/stax-api-1.0.1.jar
7f11f6284000-7f11f628a000 r--s 0007a000 fc:01 4149638                    /home/arap223/.m2/repository/org/codehaus/woodstox/wstx-asl/3.2.9/wstx-asl-3.2.9.jar
7f11f628a000-7f11f628c000 r--s 00003000 fc:01 4149636                    /home/arap223/.m2/repository/org/jenkins-ci/memory-monitor/1.9/memory-monitor-1.9.jar
7f11f628c000-7f11f628e000 r--s 00004000 fc:01 4149635                    /home/arap223/.m2/repository/org/jvnet/winp/winp/1.22/winp-1.22.jar
7f11f628e000-7f11f629c000 r--s 0007f000 fc:01 4147227                    /home/arap223/.m2/repository/commons-collections/commons-collections/3.2.1/commons-collections-3.2.1.jar
7f11f629c000-7f11f629d000 r--s 00004000 fc:01 4149630                    /home/arap223/.m2/repository/relaxngDatatype/relaxngDatatype/20020414/relaxngDatatype-20020414.jar
7f11f629d000-7f11f629f000 r--s 00004000 fc:01 4149623                    /home/arap223/.m2/repository/javax/xml/stream/stax-api/1.0-2/stax-api-1.0-2.jar
7f11f629f000-7f11f62a2000 r--s 0000e000 fc:01 3888108                    /home/arap223/.m2/repository/com/sun/xml/txw2/txw2/20110809/txw2-20110809.jar
7f11f62a2000-7f11f62a4000 r--s 0000e000 fc:01 4149627                    /home/arap223/.m2/repository/commons-logging/commons-logging/1.1.3/commons-logging-1.1.3.jar
7f11f62a4000-7f11f62a6000 r--s 00003000 fc:01 4149619                    /home/arap223/.m2/repository/javax/servlet/jstl/1.1.0/jstl-1.1.0.jar
7f11f62a6000-7f11f62a8000 r--s 00003000 fc:01 4148340                    /home/arap223/.m2/repository/org/powermock/powermock-api-support/1.5.6/powermock-api-support-1.5.6.jar
7f11f62a8000-7f11f62c9000 r--s 00162000 fc:01 4148335                    /home/arap223/.m2/repository/org/mockito/mockito-all/1.9.5/mockito-all-1.9.5.jar
7f11f62c9000-7f11f62cc000 r--s 0000f000 fc:01 4148336                    /home/arap223/.m2/repository/org/powermock/powermock-api-mockito/1.5.6/powermock-api-mockito-1.5.6.jar
7f11f62cc000-7f11f62ce000 r--s 00009000 fc:01 4148329                    /home/arap223/.m2/repository/org/powermock/powermock-reflect/1.5.6/powermock-reflect-1.5.6.jar
7f11f62ce000-7f11f62d8000 r--s 000a5000 fc:01 4148327                    /home/arap223/.m2/repository/org/javassist/javassist/3.18.2-GA/javassist-3.18.2-GA.jar
7f11f62d8000-7f11f62db000 r--s 00012000 fc:01 4148323                    /home/arap223/.m2/repository/org/powermock/powermock-core/1.5.6/powermock-core-1.5.6.jar
7f11f62db000-7f11f62dd000 r--s 00002000 fc:01 4148325                    /home/arap223/.m2/repository/org/powermock/powermock-module-junit4-common/1.5.6/powermock-module-junit4-common-1.5.6.jar
7f11f62dd000-7f11f62de000 r--s 00005000 fc:01 4148321                    /home/arap223/.m2/repository/org/powermock/powermock-module-junit4/1.5.6/powermock-module-junit4-1.5.6.jar
7f11f62de000-7f11f62e0000 r--s 00005000 fc:01 4149624                    /home/arap223/.m2/repository/org/objenesis/objenesis/1.0/objenesis-1.0.jar
7f11f62e0000-7f11f62ff000 r--s 00150000 fc:01 4149622                    /home/arap223/.m2/repository/org/mockito/mockito-core/1.9.5/mockito-core-1.9.5.jar
7f11f62ff000-7f11f6301000 r--s 00009000 fc:01 4148350                    /home/arap223/.m2/repository/org/hamcrest/hamcrest-core/1.3/hamcrest-core-1.3.jar
7f11f6301000-7f11f6307000 r--s 00036000 fc:01 4148334                    /home/arap223/.m2/repository/junit/junit/4.11/junit-4.11.jar
7f11f6307000-7f11f630a000 r--s 0001b000 fc:01 4149620                    /home/arap223/.m2/repository/xpp3/xpp3/1.1.4c/xpp3-1.1.4c.jar
7f11f630a000-7f11f6312000 r--s 00048000 fc:01 4149618                    /home/arap223/.m2/repository/org/springframework/spring-aop/2.5.6.SEC03/spring-aop-2.5.6.SEC03.jar
7f11f6312000-7f11f6318000 r--s 00040000 fc:01 4149616                    /home/arap223/.m2/repository/org/springframework/spring-core/2.5.6.SEC03/spring-core-2.5.6.SEC03.jar
7f11f6318000-7f11f631d000 r--s 0002b000 fc:01 4149607                    /home/arap223/.m2/repository/org/springframework/spring-web/2.5.6.SEC03/spring-web-2.5.6.SEC03.jar
7f11f631d000-7f11f6320000 r--s 00015000 fc:01 4149611                    /home/arap223/.m2/repository/org/springframework/spring-context-support/2.5.6.SEC03/spring-context-support-2.5.6.SEC03.jar
7f11f6320000-7f11f632c000 r--s 00069000 fc:01 4149609                    /home/arap223/.m2/repository/org/springframework/spring-context/2.5.6.SEC03/spring-context-2.5.6.SEC03.jar
7f11f632c000-7f11f6336000 r--s 0006e000 fc:01 4149608                    /home/arap223/.m2/repository/org/springframework/spring-beans/2.5.6.SEC03/spring-beans-2.5.6.SEC03.jar
7f11f6336000-7f11f633f000 r--s 0005a000 fc:01 4149606                    /home/arap223/.m2/repository/org/springframework/spring-webmvc/2.5.6.SEC03/spring-webmvc-2.5.6.SEC03.jar
7f11f633f000-7f11f6341000 r--s 0001a000 fc:01 4149602                    /home/arap223/.m2/repository/org/fusesource/jansi/jansi/1.9/jansi-1.9.jar
7f11f6341000-7f11f6343000 r--s 00014000 fc:01 3880320                    /home/arap223/.m2/repository/jline/jline/0.9.94/jline-0.9.94.jar
7f11f6343000-7f11f63a1000 r--s 00592000 fc:01 4149600                    /home/arap223/.m2/repository/org/codehaus/groovy/groovy-all/1.8.9/groovy-all-1.8.9.jar
7f11f63a1000-7f11f63a9000 r--s 0004f000 fc:01 4147721                    /home/arap223/.m2/repository/log4j/log4j/1.2.9/log4j-1.2.9.jar
7f11f63a9000-7f11f63ab000 r--s 0000e000 fc:01 3880821                    /home/arap223/.m2/repository/oro/oro/2.0.8/oro-2.0.8.jar
7f11f63ab000-7f11f63af000 r--s 00014000 fc:01 4149604                    /home/arap223/.m2/repository/org/springframework/spring-dao/1.2.9/spring-dao-1.2.9.jar
7f11f63af000-7f11f63b4000 r--s 00029000 fc:01 4149599                    /home/arap223/.m2/repository/org/springframework/spring-jdbc/1.2.9/spring-jdbc-1.2.9.jar
7f11f63b4000-7f11f63c1000 r--s 00079000 fc:01 4149597                    /home/arap223/.m2/repository/org/acegisecurity/acegi-security/1.0.7/acegi-security-1.0.7.jar
7f11f63c1000-7f11f63c5000 r--s 0001f000 fc:01 4149594                    /home/arap223/.m2/repository/org/jenkins-ci/commons-jexl/1.1-jenkins-20111212/commons-jexl-1.1-jenkins-20111212.jar
7f11f63c5000-7f11f63c7000 r--s 00004000 fc:01 4149593                    /home/arap223/.m2/repository/org/jvnet/hudson/commons-jelly-tags-define/1.0.1-hudson-20071021/commons-jelly-tags-define-1.0.1-hudson-20071021.jar
7f11f63c7000-7f11f63c9000 r--s 00008000 fc:01 4149583                    /home/arap223/.m2/repository/commons-jelly/commons-jelly-tags-xml/1.1/commons-jelly-tags-xml-1.1.jar
7f11f63c9000-7f11f63ca000 r--s 00005000 fc:01 4149589                    /home/arap223/.m2/repository/commons-jelly/commons-jelly-tags-fmt/1.0/commons-jelly-tags-fmt-1.0.jar
7f11f63ca000-7f11f63d0000 r--s 00035000 fc:01 4149584                    /home/arap223/.m2/repository/jaxen/jaxen/1.1-beta-11/jaxen-1.1-beta-11.jar
7f11f63d0000-7f11f63d2000 r--s 00010000 fc:01 4149585                    /home/arap223/.m2/repository/org/jvnet/hudson/activation/1.1.1-hudson-1/activation-1.1.1-hudson-1.jar
7f11f63d2000-7f11f63d9000 r--s 00072000 fc:01 4149581                    /home/arap223/.m2/repository/javax/mail/mail/1.4.4/mail-1.4.4.jar
7f11f63d9000-7f11f63e0000 r--s 00056000 fc:01 4149579                    /home/arap223/.m2/repository/org/apache/commons/commons-compress/1.9/commons-compress-1.9.jar
7f11f63e0000-7f11f63e5000 r--s 00034000 fc:01 4149540                    /home/arap223/.m2/repository/commons-beanutils/commons-beanutils/1.8.3/commons-beanutils-1.8.3.jar
7f11f63e5000-7f11f63eb000 r--s 0002b000 fc:01 3888109                    /home/arap223/.m2/repository/commons-digester/commons-digester/2.1/commons-digester-2.1.jar
7f11f63eb000-7f11f63f0000 r--s 00041000 fc:01 4147224                    /home/arap223/.m2/repository/commons-lang/commons-lang/2.6/commons-lang-2.6.jar
7f11f63f0000-7f11f63f4000 r--s 0002a000 fc:01 3888107                    /home/arap223/.m2/repository/commons-io/commons-io/2.4/commons-io-2.4.jar
7f11f63f4000-7f11f63f6000 r--s 00016000 fc:01 4147725                    /home/arap223/.m2/repository/javax/servlet/servlet-api/2.4/servlet-api-2.4.jar
7f11f63f6000-7f11f63f7000 r--s 00004000 fc:01 4149574                    /home/arap223/.m2/repository/org/apache/ant/ant-launcher/1.8.4/ant-launcher-1.8.4.jar
7f11f63f7000-7f11f6415000 r--s 001bd000 fc:01 4149572                    /home/arap223/.m2/repository/org/apache/ant/ant/1.8.4/ant-1.8.4.jar
7f11f6415000-7f11f641b000 r--s 00046000 fc:01 4149570                    /home/arap223/.m2/repository/jfree/jcommon/1.0.12/jcommon-1.0.12.jar
7f11f641b000-7f11f642a000 r--s 0012d000 fc:01 4149569                    /home/arap223/.m2/repository/jfree/jfreechart/1.0.9/jfreechart-1.0.9.jar
7f11f642a000-7f11f6438000 r--s 00075000 fc:01 4149567                    /home/arap223/.m2/repository/org/jvnet/hudson/xstream/1.4.7-jenkins-1/xstream-1.4.7-jenkins-1.jar
7f11f6438000-7f11f643e000 r--s 00067000 fc:01 4149566                    /home/arap223/.m2/repository/antlr/antlr/2.7.6/antlr-2.7.6.jar
7f11f643e000-7f11f643f000 r--s 00001000 fc:01 4148328                    /home/arap223/.m2/repository/org/jvnet/localizer/localizer/1.23/localizer-1.23.jar
7f11f643f000-7f11f6440000 r--s 00004000 fc:01 4149564                    /home/arap223/.m2/repository/org/jenkins-ci/task-reactor/1.4/task-reactor-1.4.jar
7f11f6440000-7f11f6445000 r--s 00058000 fc:01 4149561                    /home/arap223/.m2/repository/org/kohsuke/asm5/5.0.1/asm5-5.0.1.jar
7f11f6445000-7f11f6447000 r--s 00005000 fc:01 4149560                    /home/arap223/.m2/repository/org/jenkins-ci/bytecode-compatibility-transformer/1.5/bytecode-compatibility-transformer-1.5.jar
7f11f6447000-7f11f6448000 r--s 00003000 fc:01 4149556                    /home/arap223/.m2/repository/org/jenkins-ci/annotation-indexer/1.7/annotation-indexer-1.7.jar
7f11f6448000-7f11f644b000 r--s 00013000 fc:01 4149555                    /home/arap223/.m2/repository/args4j/args4j/2.0.31/args4j-2.0.31.jar
7f11f644b000-7f11f6451000 r--s 00045000 fc:01 4149553                    /home/arap223/.m2/repository/commons-httpclient/commons-httpclient/3.1/commons-httpclient-3.1.jar
7f11f6451000-7f11f6454000 r--s 00013000 fc:01 4149551                    /home/arap223/.m2/repository/net/sf/ezmorph/ezmorph/1.0.6/ezmorph-1.0.6.jar
7f11f6454000-7f11f6457000 r--s 00020000 fc:01 4149548                    /home/arap223/.m2/repository/org/kohsuke/stapler/json-lib/2.4-jenkins-2/json-lib-2.4-jenkins-2.jar
7f11f6457000-7f11f6458000 r--s 00000000 fc:01 4149547                    /home/arap223/.m2/repository/com/infradna/tool/bridge-method-annotation/1.13/bridge-method-annotation-1.13.jar
7f11f6458000-7f11f645b000 r--s 0002d000 fc:01 4149545                    /home/arap223/.m2/repository/org/kohsuke/stapler/stapler-adjunct-timeline/1.4/stapler-adjunct-timeline-1.4-tests.jar
7f11f645b000-7f11f6461000 r--s 0003e000 fc:01 4149543                    /home/arap223/.m2/repository/org/kohsuke/stapler/stapler-adjunct-codemirror/1.3/stapler-adjunct-codemirror-1.3.jar
7f11f6461000-7f11f6465000 r--s 00025000 fc:01 4149541                    /home/arap223/.m2/repository/org/kohsuke/stapler/stapler-adjunct-timeline/1.4/stapler-adjunct-timeline-1.4.jar
7f11f6465000-7f11f6466000 r--s 00004000 fc:01 4149539                    /home/arap223/.m2/repository/org/kohsuke/stapler/stapler-adjunct-zeroclipboard/1.3.5-1/stapler-adjunct-zeroclipboard-1.3.5-1.jar
7f11f6466000-7f11f6468000 r--s 00000000 fc:01 4149537                    /home/arap223/.m2/repository/org/kohsuke/windows-package-checker/1.0/windows-package-checker-1.0.jar
7f11f6468000-7f11f646a000 r--s 00003000 fc:01 3888105                    /home/arap223/.m2/repository/org/jvnet/tiger-types/1.3/tiger-types-1.3.jar
7f11f646a000-7f11f646d000 r--s 00010000 fc:01 3878117                    /home/arap223/.m2/repository/commons-discovery/commons-discovery/0.4/commons-discovery-0.4.jar
7f11f646d000-7f11f646f000 r--s 00005000 fc:01 4149535                    /home/arap223/.m2/repository/javax/annotation/javax.annotation-api/1.2/javax.annotation-api-1.2.jar
7f11f646f000-7f11f6476000 r--s 0004f000 fc:01 4149533                    /home/arap223/.m2/repository/org/kohsuke/stapler/stapler/1.236/stapler-1.236.jar
7f11f6476000-7f11f6477000 r--s 00001000 fc:01 4149531                    /home/arap223/.m2/repository/org/kohsuke/stapler/stapler-jrebel/1.236/stapler-jrebel-1.236.jar
7f11f6477000-7f11f647c000 r--s 0003a000 fc:01 4149528                    /home/arap223/.m2/repository/org/jenkins-ci/dom4j/dom4j/1.6.1-jenkins-4/dom4j-1.6.1-jenkins-4.jar
7f11f647c000-7f11f6480000 r--s 00026000 fc:01 4149527                    /home/arap223/.m2/repository/org/jenkins-ci/commons-jelly/1.1-jenkins-20120928/commons-jelly-1.1-jenkins-20120928.jar
7f11f6480000-7f11f6483000 r--s 00013000 fc:01 4149523                    /home/arap223/.m2/repository/org/kohsuke/stapler/stapler-jelly/1.236/stapler-jelly-1.236.jar
7f11f6483000-7f11f6485000 r--s 00007000 fc:01 3888103                    /home/arap223/.m2/repository/org/kohsuke/stapler/stapler-groovy/1.236/stapler-groovy-1.236.jar
7f11f6485000-7f11f648a000 r--s 0003c000 fc:01 4149522                    /home/arap223/.m2/repository/org/jenkins-ci/trilead-ssh2/build217-jenkins-8/trilead-ssh2-build217-jenkins-8.jar
7f11f648a000-7f11f648b000 r--s 00001000 fc:01 4149513                    /home/arap223/.m2/repository/org/kohsuke/trilead-putty-extension/1.2/trilead-putty-extension-1.2.jar
7f11f648b000-7f11f6490000 r--s 00048000 fc:01 4149524                    /home/arap223/.m2/repository/com/github/jnr/jnr-constants/0.8.5/jnr-constants-0.8.5.jar
7f11f6490000-7f11f6493000 r--s 00033000 fc:01 4149516                    /home/arap223/.m2/repository/com/github/jnr/jnr-x86asm/1.0.2/jnr-x86asm-1.0.2.jar
7f11f6493000-7f11f6495000 r--s 00008000 fc:01 4149514                    /home/arap223/.m2/repository/org/ow2/asm/asm-util/4.0/asm-util-4.0.jar
7f11f6495000-7f11f6497000 r--s 00004000 fc:01 4149512                    /home/arap223/.m2/repository/org/ow2/asm/asm-tree/4.0/asm-tree-4.0.jar
7f11f6497000-7f11f6498000 r--s 00004000 fc:01 4149487                    /home/arap223/.m2/repository/org/ow2/asm/asm-analysis/4.0/asm-analysis-4.0.jar
7f11f6498000-7f11f649a000 r--s 00008000 fc:01 4149495                    /home/arap223/.m2/repository/org/ow2/asm/asm-commons/4.0/asm-commons-4.0.jar
7f11f649a000-7f11f649c000 r--s 0000a000 fc:01 4149506                    /home/arap223/.m2/repository/org/ow2/asm/asm/4.0/asm-4.0.jar
7f11f649c000-7f11f649e000 r--s 0005d000 fc:01 4149505                    /home/arap223/.m2/repository/com/github/jnr/jffi/1.2.7/jffi-1.2.7-native.jar
7f11f649e000-7f11f64a2000 r--s 00020000 fc:01 4149504                    /home/arap223/.m2/repository/com/github/jnr/jffi/1.2.7/jffi-1.2.7.jar
7f11f64a2000-7f11f64b2000 r--s 0008e000 fc:01 4149503                    /home/arap223/.m2/repository/com/github/jnr/jnr-ffi/1.0.7/jnr-ffi-1.0.7.jar
7f11f64b2000-7f11f64b6000 r--s 00023000 fc:01 4149496                    /home/arap223/.m2/repository/com/github/jnr/jnr-posix/3.0.1/jnr-posix-3.0.1.jar
7f11f64b6000-7f11f64b9000 r--s 00014000 fc:01 4149494                    /home/arap223/.m2/repository/org/jruby/ext/posix/jna-posix/1.0.3-jenkins-1/jna-posix-1.0.3-jenkins-1.jar
7f11f64b9000-7f11f64bb000 r--s 00000000 fc:01 4149485                    /home/arap223/.m2/repository/aopalliance/aopalliance/1.0/aopalliance-1.0.jar
7f11f64bb000-7f11f64bc000 r--s 00000000 fc:01 4149481                    /home/arap223/.m2/repository/javax/inject/javax.inject/1/javax.inject-1.jar
7f11f64bc000-7f11f64dc000 r--s 0014c000 fc:01 4149498                    /home/arap223/.m2/repository/com/google/inject/guice/4.0-beta/guice-4.0-beta.jar
7f11f64dc000-7f11f64df000 r--s 0001c000 fc:01 4149482                    /home/arap223/.m2/repository/org/jvnet/hudson/jtidy/4aug2000r7-dev-hudson-1/jtidy-4aug2000r7-dev-hudson-1.jar
7f11f64df000-7f11f64e1000 r--s 00000000 fc:01 4149486                    /home/arap223/.m2/repository/org/jenkins-ci/crypto-util/1.1/crypto-util-1.1.jar
7f11f64e1000-7f11f64f8000 r-xp 00000000 fc:01 1817044                    /usr/lib/jvm/java-8-openjdk-amd64/jre/lib/amd64/libnet.so
7f11f64f8000-7f11f66f8000 ---p 00017000 fc:01 1817044                    /usr/lib/jvm/java-8-openjdk-amd64/jre/lib/amd64/libnet.so
7f11f66f8000-7f11f66f9000 r--p 00017000 fc:01 1817044                    /usr/lib/jvm/java-8-openjdk-amd64/jre/lib/amd64/libnet.so
7f11f66f9000-7f11f66fa000 rw-p 00018000 fc:01 1817044                    /usr/lib/jvm/java-8-openjdk-amd64/jre/lib/amd64/libnet.so
7f11f66fa000-7f11f670c000 r-xp 00000000 fc:01 1817045                    /usr/lib/jvm/java-8-openjdk-amd64/jre/lib/amd64/libnio.so
7f11f670c000-7f11f690b000 ---p 00012000 fc:01 1817045                    /usr/lib/jvm/java-8-openjdk-amd64/jre/lib/amd64/libnio.so
7f11f690b000-7f11f690c000 r--p 00011000 fc:01 1817045                    /usr/lib/jvm/java-8-openjdk-amd64/jre/lib/amd64/libnio.so
7f11f690c000-7f11f690d000 rw-p 00012000 fc:01 1817045                    /usr/lib/jvm/java-8-openjdk-amd64/jre/lib/amd64/libnio.so
7f11f690d000-7f11f690e000 ---p 00000000 00:00 0 
7f11f690e000-7f11f6a0e000 rw-p 00000000 00:00 0 
7f11f6a0e000-7f11f6a11000 ---p 00000000 00:00 0 
7f11f6a11000-7f11f6b0f000 rw-p 00000000 00:00 0 
7f11f6b0f000-7f11f6b10000 ---p 00000000 00:00 0 
7f11f6b10000-7f11f6b13000 ---p 00000000 00:00 0 
7f11f6b13000-7f11f6c10000 rw-p 00000000 00:00 0 
7f11f6c10000-7f11f6c11000 ---p 00000000 00:00 0 
7f11f6c11000-7f11f6c14000 ---p 00000000 00:00 0 
7f11f6c14000-7f11f6d11000 rw-p 00000000 00:00 0 
7f11f6d11000-7f11f6d14000 ---p 00000000 00:00 0 
7f11f6d14000-7f11f6e12000 rw-p 00000000 00:00 0 
7f11f6e12000-7f11f6f85000 r--p 00000000 fc:01 25817                      /usr/lib/locale/C.UTF-8/LC_COLLATE
7f11f6f85000-7f11f7120000 r--p 00000000 fc:01 38854                      /usr/lib/locale/locale-archive
7f11f7120000-7f11f9000000 rw-p 00000000 00:00 0 
7f11f9000000-7f11f9dc0000 rwxp 00000000 00:00 0 
7f11f9dc0000-7f1208000000 ---p 00000000 00:00 0 
7f1208000000-7f120914d000 rw-p 00000000 00:00 0 
7f120914d000-7f120c000000 ---p 00000000 00:00 0 
7f120c000000-7f120c001000 r--s 00000000 fc:01 4149488                    /home/arap223/.m2/repository/org/jenkins-ci/core-annotation-processors/1.0/core-annotation-processors-1.0.jar
7f120c001000-7f120c002000 r--s 00002000 fc:01 4149484                    /home/arap223/.m2/repository/org/jenkins-ci/version-number/1.1/version-number-1.1.jar
7f120c002000-7f120c004000 r--s 00008000 fc:01 4148588                    /home/arap223/CS498/mp3/jenkins/cli/target/cli-1.610-SNAPSHOT.jar
7f120c004000-7f120c005000 r--s 00003000 fc:01 4148344                    /home/arap223/.m2/repository/org/jenkins-ci/constant-pool-scanner/1.2/constant-pool-scanner-1.2.jar
7f120c005000-7f120c00e000 r--s 0006c000 fc:01 4148342                    /home/arap223/.m2/repository/org/jenkins-ci/main/remoting/2.50/remoting-2.50.jar
7f120c00e000-7f120c010000 r--s 00003000 fc:01 4149480                    /home/arap223/.m2/repository/org/jenkins-ci/plugins/icon-shim/icon-set/1.0.5/icon-set-1.0.5.jar
7f120c010000-7f120c014000 r--s 00021000 fc:01 4148540                    /home/arap223/.m2/repository/org/apache/maven/surefire/surefire-api/2.16/surefire-api-2.16.jar
7f120c014000-7f120c016000 r--s 00008000 fc:01 4148538                    /home/arap223/.m2/repository/org/apache/maven/surefire/surefire-booter/2.16/surefire-booter-2.16.jar
7f120c016000-7f120c017000 r--s 00003000 fc:01 4160419                    /home/arap223/CS498/mp3/jenkins/core/target/surefire/surefirebooter7543571199702424958.jar
7f120c017000-7f120c01a000 r--s 0000f000 fc:01 1818085                    /usr/lib/jvm/java-8-openjdk-amd64/jre/lib/ext/icedtea-sound.jar
7f120c01a000-7f120c01e000 r--s 0003a000 fc:01 1822826                    /usr/lib/jvm/java-8-openjdk-amd64/jre/lib/ext/sunpkcs11.jar
7f120c01e000-7f120c039000 r--s 001d6000 fc:01 1820035                    /usr/lib/jvm/java-8-openjdk-amd64/jre/lib/ext/nashorn.jar
7f120c039000-7f120c043000 r--s 00117000 fc:01 1818087                    /usr/lib/jvm/java-8-openjdk-amd64/jre/lib/ext/localedata.jar
7f120c043000-7f120c049000 r--s 0003d000 fc:01 1822825                    /usr/lib/jvm/java-8-openjdk-amd64/jre/lib/ext/sunjce_provider.jar
7f120c049000-7f120c04a000 r--s 0000a000 fc:01 1818086                    /usr/lib/jvm/java-8-openjdk-amd64/jre/lib/ext/jaccess.jar
7f120c04a000-7f120c04c000 r--s 00007000 fc:01 76117                      /usr/share/java/java-atk-wrapper.jar
7f120c04c000-7f120c04e000 r--s 00001000 fc:01 1818084                    /usr/lib/jvm/java-8-openjdk-amd64/jre/lib/ext/dnsns.jar
7f120c04e000-7f120c069000 r--s 00394000 fc:01 1818074                    /usr/lib/jvm/java-8-openjdk-amd64/jre/lib/ext/cldrdata.jar
7f120c069000-7f120c06a000 r--s 00010000 fc:01 1822922                    /usr/lib/jvm/java-8-openjdk-amd64/jre/lib/ext/zipfs.jar
7f120c06a000-7f120c06b000 r--s 0000d000 fc:01 1820037                    /usr/lib/jvm/java-8-openjdk-amd64/jre/lib/ext/sunec.jar
7f120c06b000-7f120c09c000 r--p 00000000 fc:01 25818                      /usr/lib/locale/C.UTF-8/LC_CTYPE
7f120c09c000-7f120c09d000 r--p 00000000 fc:01 25824                      /usr/lib/locale/C.UTF-8/LC_NUMERIC
7f120c09d000-7f120c09e000 r--p 00000000 fc:01 25827                      /usr/lib/locale/C.UTF-8/LC_TIME
7f120c09e000-7f120c09f000 r--p 00000000 fc:01 25822                      /usr/lib/locale/C.UTF-8/LC_MONETARY
7f120c09f000-7f120c0a0000 r--p 00000000 fc:01 25821                      /usr/lib/locale/C.UTF-8/LC_MESSAGES/SYS_LC_MESSAGES
7f120c0a0000-7f120c0a1000 r--p 00000000 fc:01 25825                      /usr/lib/locale/C.UTF-8/LC_PAPER
7f120c0a1000-7f120c0a4000 ---p 00000000 00:00 0 
7f120c0a4000-7f120c1a2000 rw-p 00000000 00:00 0 
7f120c1a2000-7f120c1a5000 ---p 00000000 00:00 0 
7f120c1a5000-7f120c2a3000 rw-p 00000000 00:00 0 
7f120c2a3000-7f120c2a4000 ---p 00000000 00:00 0 
7f120c2a4000-7f120ccfb000 rw-p 00000000 00:00 0 
7f120ccfb000-7f120cecd000 r--s 03ca8000 fc:01 1822945                    /usr/lib/jvm/java-8-openjdk-amd64/jre/lib/rt.jar
7f120cecd000-7f120d8bb000 rw-p 00000000 00:00 0 
7f120d8bb000-7f120d8bc000 ---p 00000000 00:00 0 
7f120d8bc000-7f120d9bc000 rw-p 00000000 00:00 0 
7f120d9bc000-7f120d9bd000 ---p 00000000 00:00 0 
7f120d9bd000-7f120dad2000 rw-p 00000000 00:00 0 
7f120dad2000-7f120dc07000 ---p 00000000 00:00 0 
7f120dc07000-7f120dc1c000 rw-p 00000000 00:00 0 
7f120dc1c000-7f120dd50000 ---p 00000000 00:00 0 
7f120dd50000-7f120ddc4000 rw-p 00000000 00:00 0 
7f120ddc4000-7f120ddf5000 ---p 00000000 00:00 0 
7f120ddf5000-7f120de2d000 rw-p 00000000 00:00 0 
7f120de2d000-7f120e1b6000 ---p 00000000 00:00 0 
7f120e1b6000-7f120e1be000 r-xp 00000000 fc:01 1817052                    /usr/lib/jvm/java-8-openjdk-amd64/jre/lib/amd64/libzip.so
7f120e1be000-7f120e3bd000 ---p 00008000 fc:01 1817052                    /usr/lib/jvm/java-8-openjdk-amd64/jre/lib/amd64/libzip.so
7f120e3bd000-7f120e3be000 r--p 00007000 fc:01 1817052                    /usr/lib/jvm/java-8-openjdk-amd64/jre/lib/amd64/libzip.so
7f120e3be000-7f120e3bf000 rw-p 00008000 fc:01 1817052                    /usr/lib/jvm/java-8-openjdk-amd64/jre/lib/amd64/libzip.so
7f120e3bf000-7f120e3ca000 r-xp 00000000 fc:01 47531                      /lib/x86_64-linux-gnu/libnss_files-2.27.so
7f120e3ca000-7f120e5c9000 ---p 0000b000 fc:01 47531                      /lib/x86_64-linux-gnu/libnss_files-2.27.so
7f120e5c9000-7f120e5ca000 r--p 0000a000 fc:01 47531                      /lib/x86_64-linux-gnu/libnss_files-2.27.so
7f120e5ca000-7f120e5cb000 rw-p 0000b000 fc:01 47531                      /lib/x86_64-linux-gnu/libnss_files-2.27.so
7f120e5cb000-7f120e5d1000 rw-p 00000000 00:00 0 
7f120e5d1000-7f120e5e8000 r-xp 00000000 fc:01 30395                      /lib/x86_64-linux-gnu/libnsl-2.27.so
7f120e5e8000-7f120e7e7000 ---p 00017000 fc:01 30395                      /lib/x86_64-linux-gnu/libnsl-2.27.so
7f120e7e7000-7f120e7e8000 r--p 00016000 fc:01 30395                      /lib/x86_64-linux-gnu/libnsl-2.27.so
7f120e7e8000-7f120e7e9000 rw-p 00017000 fc:01 30395                      /lib/x86_64-linux-gnu/libnsl-2.27.so
7f120e7e9000-7f120e7eb000 rw-p 00000000 00:00 0 
7f120e7eb000-7f120e7f6000 r-xp 00000000 fc:01 47534                      /lib/x86_64-linux-gnu/libnss_nis-2.27.so
7f120e7f6000-7f120e9f5000 ---p 0000b000 fc:01 47534                      /lib/x86_64-linux-gnu/libnss_nis-2.27.so
7f120e9f5000-7f120e9f6000 r--p 0000a000 fc:01 47534                      /lib/x86_64-linux-gnu/libnss_nis-2.27.so
7f120e9f6000-7f120e9f7000 rw-p 0000b000 fc:01 47534                      /lib/x86_64-linux-gnu/libnss_nis-2.27.so
7f120e9f7000-7f120e9ff000 r-xp 00000000 fc:01 47527                      /lib/x86_64-linux-gnu/libnss_compat-2.27.so
7f120e9ff000-7f120ebff000 ---p 00008000 fc:01 47527                      /lib/x86_64-linux-gnu/libnss_compat-2.27.so
7f120ebff000-7f120ec00000 r--p 00008000 fc:01 47527                      /lib/x86_64-linux-gnu/libnss_compat-2.27.so
7f120ec00000-7f120ec01000 rw-p 00009000 fc:01 47527                      /lib/x86_64-linux-gnu/libnss_compat-2.27.so
7f120ec01000-7f120ec2b000 r-xp 00000000 fc:01 1817015                    /usr/lib/jvm/java-8-openjdk-amd64/jre/lib/amd64/libjava.so
7f120ec2b000-7f120ee2a000 ---p 0002a000 fc:01 1817015                    /usr/lib/jvm/java-8-openjdk-amd64/jre/lib/amd64/libjava.so
7f120ee2a000-7f120ee2b000 r--p 00029000 fc:01 1817015                    /usr/lib/jvm/java-8-openjdk-amd64/jre/lib/amd64/libjava.so
7f120ee2b000-7f120ee2d000 rw-p 0002a000 fc:01 1817015                    /usr/lib/jvm/java-8-openjdk-amd64/jre/lib/amd64/libjava.so
7f120ee2d000-7f120ee3d000 r-xp 00000000 fc:01 1817051                    /usr/lib/jvm/java-8-openjdk-amd64/jre/lib/amd64/libverify.so
7f120ee3d000-7f120f03c000 ---p 00010000 fc:01 1817051                    /usr/lib/jvm/java-8-openjdk-amd64/jre/lib/amd64/libverify.so
7f120f03c000-7f120f03e000 r--p 0000f000 fc:01 1817051                    /usr/lib/jvm/java-8-openjdk-amd64/jre/lib/amd64/libverify.so
7f120f03e000-7f120f03f000 rw-p 00011000 fc:01 1817051                    /usr/lib/jvm/java-8-openjdk-amd64/jre/lib/amd64/libverify.so
7f120f03f000-7f120f046000 r-xp 00000000 fc:01 47547                      /lib/x86_64-linux-gnu/librt-2.27.so
7f120f046000-7f120f245000 ---p 00007000 fc:01 47547                      /lib/x86_64-linux-gnu/librt-2.27.so
7f120f245000-7f120f246000 r--p 00006000 fc:01 47547                      /lib/x86_64-linux-gnu/librt-2.27.so
7f120f246000-7f120f247000 rw-p 00007000 fc:01 47547                      /lib/x86_64-linux-gnu/librt-2.27.so
7f120f247000-7f120f25e000 r-xp 00000000 fc:01 15773                      /lib/x86_64-linux-gnu/libgcc_s.so.1
7f120f25e000-7f120f45d000 ---p 00017000 fc:01 15773                      /lib/x86_64-linux-gnu/libgcc_s.so.1
7f120f45d000-7f120f45e000 r--p 00016000 fc:01 15773                      /lib/x86_64-linux-gnu/libgcc_s.so.1
7f120f45e000-7f120f45f000 rw-p 00017000 fc:01 15773                      /lib/x86_64-linux-gnu/libgcc_s.so.1
7f120f45f000-7f120f5fc000 r-xp 00000000 fc:01 29621                      /lib/x86_64-linux-gnu/libm-2.27.so
7f120f5fc000-7f120f7fb000 ---p 0019d000 fc:01 29621                      /lib/x86_64-linux-gnu/libm-2.27.so
7f120f7fb000-7f120f7fc000 r--p 0019c000 fc:01 29621                      /lib/x86_64-linux-gnu/libm-2.27.so
7f120f7fc000-7f120f7fd000 rw-p 0019d000 fc:01 29621                      /lib/x86_64-linux-gnu/libm-2.27.so
7f120f7fd000-7f120f976000 r-xp 00000000 fc:01 47831                      /usr/lib/x86_64-linux-gnu/libstdc++.so.6.0.25
7f120f976000-7f120fb76000 ---p 00179000 fc:01 47831                      /usr/lib/x86_64-linux-gnu/libstdc++.so.6.0.25
7f120fb76000-7f120fb80000 r--p 00179000 fc:01 47831                      /usr/lib/x86_64-linux-gnu/libstdc++.so.6.0.25
7f120fb80000-7f120fb82000 rw-p 00183000 fc:01 47831                      /usr/lib/x86_64-linux-gnu/libstdc++.so.6.0.25
7f120fb82000-7f120fb86000 rw-p 00000000 00:00 0 
7f120fb86000-7f121082e000 r-xp 00000000 fc:01 1817054                    /usr/lib/jvm/java-8-openjdk-amd64/jre/lib/amd64/server/libjvm.so
7f121082e000-7f1210a2e000 ---p 00ca8000 fc:01 1817054                    /usr/lib/jvm/java-8-openjdk-amd64/jre/lib/amd64/server/libjvm.so
7f1210a2e000-7f1210ac2000 r--p 00ca8000 fc:01 1817054                    /usr/lib/jvm/java-8-openjdk-amd64/jre/lib/amd64/server/libjvm.so
7f1210ac2000-7f1210aeb000 rw-p 00d3c000 fc:01 1817054                    /usr/lib/jvm/java-8-openjdk-amd64/jre/lib/amd64/server/libjvm.so
7f1210aeb000-7f1210b1b000 rw-p 00000000 00:00 0 
7f1210b1b000-7f1210b35000 r-xp 00000000 fc:01 47544                      /lib/x86_64-linux-gnu/libpthread-2.27.so
7f1210b35000-7f1210d34000 ---p 0001a000 fc:01 47544                      /lib/x86_64-linux-gnu/libpthread-2.27.so
7f1210d34000-7f1210d35000 r--p 00019000 fc:01 47544                      /lib/x86_64-linux-gnu/libpthread-2.27.so
7f1210d35000-7f1210d36000 rw-p 0001a000 fc:01 47544                      /lib/x86_64-linux-gnu/libpthread-2.27.so
7f1210d36000-7f1210d3a000 rw-p 00000000 00:00 0 
7f1210d3a000-7f1210d3d000 r-xp 00000000 fc:01 29619                      /lib/x86_64-linux-gnu/libdl-2.27.so
7f1210d3d000-7f1210f3c000 ---p 00003000 fc:01 29619                      /lib/x86_64-linux-gnu/libdl-2.27.so
7f1210f3c000-7f1210f3d000 r--p 00002000 fc:01 29619                      /lib/x86_64-linux-gnu/libdl-2.27.so
7f1210f3d000-7f1210f3e000 rw-p 00003000 fc:01 29619                      /lib/x86_64-linux-gnu/libdl-2.27.so
7f1210f3e000-7f1210f5a000 r-xp 00000000 fc:01 2187                       /lib/x86_64-linux-gnu/libz.so.1.2.11
7f1210f5a000-7f1211159000 ---p 0001c000 fc:01 2187                       /lib/x86_64-linux-gnu/libz.so.1.2.11
7f1211159000-7f121115a000 r--p 0001b000 fc:01 2187                       /lib/x86_64-linux-gnu/libz.so.1.2.11
7f121115a000-7f121115b000 rw-p 0001c000 fc:01 2187                       /lib/x86_64-linux-gnu/libz.so.1.2.11
7f121115b000-7f1211342000 r-xp 00000000 fc:01 13724                      /lib/x86_64-linux-gnu/libc-2.27.so
7f1211342000-7f1211542000 ---p 001e7000 fc:01 13724                      /lib/x86_64-linux-gnu/libc-2.27.so
7f1211542000-7f1211546000 r--p 001e7000 fc:01 13724                      /lib/x86_64-linux-gnu/libc-2.27.so
7f1211546000-7f1211548000 rw-p 001eb000 fc:01 13724                      /lib/x86_64-linux-gnu/libc-2.27.so
7f1211548000-7f121154c000 rw-p 00000000 00:00 0 
7f121154c000-7f121155a000 r-xp 00000000 fc:01 1816974                    /usr/lib/jvm/java-8-openjdk-amd64/jre/lib/amd64/jli/libjli.so
7f121155a000-7f1211759000 ---p 0000e000 fc:01 1816974                    /usr/lib/jvm/java-8-openjdk-amd64/jre/lib/amd64/jli/libjli.so
7f1211759000-7f121175a000 r--p 0000d000 fc:01 1816974                    /usr/lib/jvm/java-8-openjdk-amd64/jre/lib/amd64/jli/libjli.so
7f121175a000-7f121175b000 rw-p 0000e000 fc:01 1816974                    /usr/lib/jvm/java-8-openjdk-amd64/jre/lib/amd64/jli/libjli.so
7f121175b000-7f1211782000 r-xp 00000000 fc:01 13292                      /lib/x86_64-linux-gnu/ld-2.27.so
7f1211782000-7f1211783000 r--p 00000000 fc:01 25823                      /usr/lib/locale/C.UTF-8/LC_NAME
7f1211783000-7f1211784000 r--p 00000000 fc:01 25816                      /usr/lib/locale/C.UTF-8/LC_ADDRESS
7f1211784000-7f1211785000 r--p 00000000 fc:01 25826                      /usr/lib/locale/C.UTF-8/LC_TELEPHONE
7f1211785000-7f1211786000 r--p 00000000 fc:01 25820                      /usr/lib/locale/C.UTF-8/LC_MEASUREMENT
7f1211786000-7f1211857000 rw-p 00000000 00:00 0 
7f1211857000-7f1211858000 ---p 00000000 00:00 0 
7f1211858000-7f121185b000 ---p 00000000 00:00 0 
7f121185b000-7f121195a000 rw-p 00000000 00:00 0 
7f121195a000-7f1211961000 r--s 00000000 fc:01 48023                      /usr/lib/x86_64-linux-gnu/gconv/gconv-modules.cache
7f1211961000-7f1211962000 r--p 00000000 fc:01 25819                      /usr/lib/locale/C.UTF-8/LC_IDENTIFICATION
7f1211962000-7f1211976000 rw-p 00000000 00:00 0 
7f1211976000-7f121197e000 rw-s 00000000 fc:01 3871219                    /tmp/hsperfdata_arap223/7432
7f121197e000-7f121197f000 rw-p 00000000 00:00 0 
7f121197f000-7f1211980000 ---p 00000000 00:00 0 
7f1211980000-7f1211982000 rw-p 00000000 00:00 0 
7f1211982000-7f1211983000 r--p 00027000 fc:01 13292                      /lib/x86_64-linux-gnu/ld-2.27.so
7f1211983000-7f1211984000 rw-p 00028000 fc:01 13292                      /lib/x86_64-linux-gnu/ld-2.27.so
7f1211984000-7f1211985000 rw-p 00000000 00:00 0 
7ffe6f875000-7ffe6f896000 rw-p 00000000 00:00 0                          [stack]
7ffe6f91a000-7ffe6f91d000 r--p 00000000 00:00 0                          [vvar]
7ffe6f91d000-7ffe6f91f000 r-xp 00000000 00:00 0                          [vdso]
ffffffffff600000-ffffffffff601000 r-xp 00000000 00:00 0                  [vsyscall]

VM Arguments:
jvm_args: -XX:MaxPermSize=128m 
java_command: /home/arap223/CS498/mp3/jenkins/core/target/surefire/surefirebooter7543571199702424958.jar /home/arap223/CS498/mp3/jenkins/core/target/surefire/surefire498705858821438911tmp /home/arap223/CS498/mp3/jenkins/core/target/surefire/surefire_0654924039072749405tmp
java_class_path (initial): /home/arap223/CS498/mp3/jenkins/core/target/surefire/surefirebooter7543571199702424958.jar
Launcher Type: SUN_STANDARD

Environment Variables:
JAVA_HOME=/usr/lib/jvm/java-8-openjdk-amd64
PATH=/usr/lib/jvm/java-8-openjdk-amd64/jre/bin:/usr/local/sbin:/usr/local/bin:/usr/sbin:/usr/bin:/sbin:/bin:/usr/games:/usr/local/games:/snap/bin
SHELL=/bin/bash

Signal Handlers:
SIGSEGV: [libjvm.so+0xabb430], sa_mask[0]=11111111011111111101111111111110, sa_flags=SA_RESTART|SA_SIGINFO
SIGBUS: [libjvm.so+0xabb430], sa_mask[0]=11111111011111111101111111111110, sa_flags=SA_RESTART|SA_SIGINFO
SIGFPE: [libjvm.so+0x8eb5b0], sa_mask[0]=11111111011111111101111111111110, sa_flags=SA_RESTART|SA_SIGINFO
SIGPIPE: [libjvm.so+0x8eb5b0], sa_mask[0]=11111111011111111101111111111110, sa_flags=SA_RESTART|SA_SIGINFO
SIGXFSZ: [libjvm.so+0x8eb5b0], sa_mask[0]=11111111011111111101111111111110, sa_flags=SA_RESTART|SA_SIGINFO
SIGILL: [libjvm.so+0x8eb5b0], sa_mask[0]=11111111011111111101111111111110, sa_flags=SA_RESTART|SA_SIGINFO
SIGUSR1: SIG_DFL, sa_mask[0]=00000000000000000000000000000000, sa_flags=none
SIGUSR2: [libjvm.so+0x8eb460], sa_mask[0]=00100000000000000000000000000000, sa_flags=SA_RESTART|SA_SIGINFO
SIGHUP: [libjvm.so+0x8ebad0], sa_mask[0]=11111111011111111101111111111110, sa_flags=SA_RESTART|SA_SIGINFO
SIGINT: [libjvm.so+0x8ebad0], sa_mask[0]=11111111011111111101111111111110, sa_flags=SA_RESTART|SA_SIGINFO
SIGTERM: [libjvm.so+0x8ebad0], sa_mask[0]=11111111011111111101111111111110, sa_flags=SA_RESTART|SA_SIGINFO
SIGQUIT: [libjvm.so+0x8ebad0], sa_mask[0]=11111111011111111101111111111110, sa_flags=SA_RESTART|SA_SIGINFO


---------------  S Y S T E M  ---------------

OS:DISTRIB_ID=Ubuntu
DISTRIB_RELEASE=18.04
DISTRIB_CODENAME=bionic
DISTRIB_DESCRIPTION="Ubuntu 18.04.5 LTS"

uname:Linux 4.15.0-112-generic #113-Ubuntu SMP Thu Jul 9 23:41:39 UTC 2020 x86_64
libc:glibc 2.27 NPTL 2.27 
rlimit: STACK 8192k, CORE 0k, NPROC 15517, NOFILE 1048576, AS infinity
load average:8.96 6.06 3.61

/proc/meminfo:
MemTotal:        4039144 kB
MemFree:           86888 kB
MemAvailable:       9196 kB
Buffers:            3560 kB
Cached:            73008 kB
SwapCached:            0 kB
Active:          3673792 kB
Inactive:          61608 kB
Active(anon):    3660504 kB
Inactive(anon):    48044 kB
Active(file):      13288 kB
Inactive(file):    13564 kB
Unevictable:          64 kB
Mlocked:              64 kB
SwapTotal:             0 kB
SwapFree:              0 kB
Dirty:              6120 kB
Writeback:            32 kB
AnonPages:       3659132 kB
Mapped:            62852 kB
Shmem:             49480 kB
Slab:             124024 kB
SReclaimable:      59000 kB
SUnreclaim:        65024 kB
KernelStack:       10560 kB
PageTables:        44120 kB
NFS_Unstable:          0 kB
Bounce:                0 kB
WritebackTmp:          0 kB
CommitLimit:     2019572 kB
Committed_AS:    6916736 kB
VmallocTotal:   34359738367 kB
VmallocUsed:           0 kB
VmallocChunk:          0 kB
HardwareCorrupted:     0 kB
AnonHugePages:         0 kB
ShmemHugePages:        0 kB
ShmemPmdMapped:        0 kB
CmaTotal:              0 kB
CmaFree:               0 kB
HugePages_Total:       0
HugePages_Free:        0
HugePages_Rsvd:        0
HugePages_Surp:        0
Hugepagesize:       2048 kB
DirectMap4k:      571248 kB
DirectMap2M:     3622912 kB
DirectMap1G:     2097152 kB

container (cgroup) information:
container_type: cgroupv1
cpu_cpuset_cpus: 0-1
cpu_memory_nodes: 0
active_processor_count: 2
cpu_quota: -1
cpu_period: 100000
cpu_shares: -1
memory_limit_in_bytes: -1
memory_and_swap_limit_in_bytes: -2
memory_soft_limit_in_bytes: -1
memory_usage_in_bytes: 3709308928
memory_max_usage_in_bytes: 3744010240


CPU:total 2 (initial active 2) (1 cores per cpu, 1 threads per core) family 6 model 60 stepping 1, cmov, cx8, fxsr, mmx, sse, sse2, sse3, ssse3, sse4.1, sse4.2, popcnt, avx, avx2, aes, clmul, erms, lzcnt, tsc, bmi1, bmi2

/proc/cpuinfo:
processor	: 0
vendor_id	: GenuineIntel
cpu family	: 6
model		: 60
model name	: Intel Core Processor (Haswell, no TSX, IBRS)
stepping	: 1
microcode	: 0x1
cpu MHz		: 2497.106
cache size	: 16384 KB
physical id	: 0
siblings	: 1
core id		: 0
cpu cores	: 1
apicid		: 0
initial apicid	: 0
fpu		: yes
fpu_exception	: yes
cpuid level	: 13
wp		: yes
flags		: fpu vme de pse tsc msr pae mce cx8 apic sep mtrr pge mca cmov pat pse36 clflush mmx fxsr sse sse2 ss syscall nx pdpe1gb rdtscp lm constant_tsc rep_good nopl xtopology cpuid tsc_known_freq pni pclmulqdq vmx ssse3 fma cx16 pcid sse4_1 sse4_2 x2apic movbe popcnt tsc_deadline_timer aes xsave avx f16c rdrand hypervisor lahf_lm abm cpuid_fault invpcid_single pti ssbd ibrs ibpb tpr_shadow vnmi flexpriority ept vpid fsgsbase tsc_adjust bmi1 avx2 smep bmi2 erms invpcid xsaveopt arat md_clear
bugs		: cpu_meltdown spectre_v1 spectre_v2 spec_store_bypass l1tf mds swapgs itlb_multihit srbds
bogomips	: 4994.21
clflush size	: 64
cache_alignment	: 64
address sizes	: 40 bits physical, 48 bits virtual
power management:

processor	: 1
vendor_id	: GenuineIntel
cpu family	: 6
model		: 60
model name	: Intel Core Processor (Haswell, no TSX, IBRS)
stepping	: 1
microcode	: 0x1
cpu MHz		: 2497.106
cache size	: 16384 KB
physical id	: 1
siblings	: 1
core id		: 0
cpu cores	: 1
apicid		: 1
initial apicid	: 1
fpu		: yes
fpu_exception	: yes
cpuid level	: 13
wp		: yes
flags		: fpu vme de pse tsc msr pae mce cx8 apic sep mtrr pge mca cmov pat pse36 clflush mmx fxsr sse sse2 ss syscall nx pdpe1gb rdtscp lm constant_tsc rep_good nopl xtopology cpuid tsc_known_freq pni pclmulqdq vmx ssse3 fma cx16 pcid sse4_1 sse4_2 x2apic movbe popcnt tsc_deadline_timer aes xsave avx f16c rdrand hypervisor lahf_lm abm cpuid_fault invpcid_single pti ssbd ibrs ibpb tpr_shadow vnmi flexpriority ept vpid fsgsbase tsc_adjust bmi1 avx2 smep bmi2 erms invpcid xsaveopt arat md_clear
bugs		: cpu_meltdown spectre_v1 spectre_v2 spec_store_bypass l1tf mds swapgs itlb_multihit srbds
bogomips	: 4994.21
clflush size	: 64
cache_alignment	: 64
address sizes	: 40 bits physical, 48 bits virtual
power management:



Memory: 4k page, physical 4039144k(86888k free), swap 0k(0k free)

vm_info: OpenJDK 64-Bit Server VM (25.265-b01) for linux-amd64 JRE (1.8.0_265-8u265-b01-0ubuntu2~18.04-b01), built on Aug  3 2020 01:16:56 by "buildd" with gcc 7.5.0

time: Tue Oct 27 03:49:15 2020
timezone: EDT
elapsed time: 228 seconds (0d 0h 3m 48s)

